<?xml version="1.0" encoding="UTF-8"?>
<testsuite name="com.jojoldu.book.springboot.domain.posts.PostsRepositoryTest" tests="2" skipped="0" failures="0" errors="0" timestamp="2021-06-26T07:39:59" hostname="ip-172-31-40-14.us-east-2.compute.internal" time="0.09">
  <properties/>
  <testcase name="boardsave_load()" classname="com.jojoldu.book.springboot.domain.posts.PostsRepositoryTest" time="0.053"/>
  <testcase name="BaseTimeEntity_reg()" classname="com.jojoldu.book.springboot.domain.posts.PostsRepositoryTest" time="0.035"/>
  <system-out><![CDATA[2021-06-26 16:39:56.432  INFO 11536 --- [    Test worker] .b.t.c.SpringBootTestContextBootstrapper : Neither @ContextConfiguration nor @ContextHierarchy found for test class [com.jojoldu.book.springboot.domain.posts.PostsRepositoryTest], using SpringBootContextLoader
2021-06-26 16:39:56.433  INFO 11536 --- [    Test worker] o.s.t.c.support.AbstractContextLoader    : Could not detect default resource locations for test class [com.jojoldu.book.springboot.domain.posts.PostsRepositoryTest]: no resource found for suffixes {-context.xml, Context.groovy}.
2021-06-26 16:39:56.433  INFO 11536 --- [    Test worker] t.c.s.AnnotationConfigContextLoaderUtils : Could not detect default configuration classes for test class [com.jojoldu.book.springboot.domain.posts.PostsRepositoryTest]: PostsRepositoryTest does not declare any static, non-private, non-final, nested classes annotated with @Configuration.
2021-06-26 16:39:56.451  INFO 11536 --- [    Test worker] .b.t.c.SpringBootTestContextBootstrapper : Found @SpringBootConfiguration com.jojoldu.book.springboot.Application for test class com.jojoldu.book.springboot.domain.posts.PostsRepositoryTest
2021-06-26 16:39:56.452  INFO 11536 --- [    Test worker] .b.t.c.SpringBootTestContextBootstrapper : Loaded default TestExecutionListener class names from location [META-INF/spring.factories]: [org.springframework.security.test.context.support.WithSecurityContextTestExecutionListener, org.springframework.security.test.context.support.ReactorContextTestExecutionListener, org.springframework.boot.test.autoconfigure.restdocs.RestDocsTestExecutionListener, org.springframework.boot.test.autoconfigure.web.client.MockRestServiceServerResetTestExecutionListener, org.springframework.boot.test.autoconfigure.web.servlet.MockMvcPrintOnlyOnFailureTestExecutionListener, org.springframework.boot.test.autoconfigure.web.servlet.WebDriverTestExecutionListener, org.springframework.boot.test.autoconfigure.webservices.client.MockWebServiceServerTestExecutionListener, org.springframework.boot.test.mock.mockito.MockitoTestExecutionListener, org.springframework.boot.test.mock.mockito.ResetMocksTestExecutionListener, org.springframework.test.context.web.ServletTestExecutionListener, org.springframework.test.context.support.DirtiesContextBeforeModesTestExecutionListener, org.springframework.test.context.event.ApplicationEventsTestExecutionListener, org.springframework.test.context.support.DependencyInjectionTestExecutionListener, org.springframework.test.context.support.DirtiesContextTestExecutionListener, org.springframework.test.context.transaction.TransactionalTestExecutionListener, org.springframework.test.context.jdbc.SqlScriptsTestExecutionListener, org.springframework.test.context.event.EventPublishingTestExecutionListener]
2021-06-26 16:39:56.453  INFO 11536 --- [    Test worker] .b.t.c.SpringBootTestContextBootstrapper : Using TestExecutionListeners: [org.springframework.test.context.web.ServletTestExecutionListener@d6936f9, org.springframework.test.context.support.DirtiesContextBeforeModesTestExecutionListener@d37e9f6, org.springframework.test.context.event.ApplicationEventsTestExecutionListener@562feb10, org.springframework.boot.test.mock.mockito.MockitoTestExecutionListener@73e05147, org.springframework.boot.test.autoconfigure.SpringBootDependencyInjectionTestExecutionListener@37fa6f3c, org.springframework.test.context.support.DirtiesContextTestExecutionListener@530486c, org.springframework.test.context.transaction.TransactionalTestExecutionListener@2cee44b1, org.springframework.test.context.jdbc.SqlScriptsTestExecutionListener@5d754202, org.springframework.security.test.context.support.WithSecurityContextTestExecutionListener@3912551f, org.springframework.test.context.event.EventPublishingTestExecutionListener@3e660979, org.springframework.security.test.context.support.ReactorContextTestExecutionListener@60f309c8, org.springframework.boot.test.autoconfigure.restdocs.RestDocsTestExecutionListener@17e13286, org.springframework.boot.test.autoconfigure.web.client.MockRestServiceServerResetTestExecutionListener@3cf027c8, org.springframework.boot.test.autoconfigure.web.servlet.MockMvcPrintOnlyOnFailureTestExecutionListener@32d3dcee, org.springframework.boot.test.autoconfigure.web.servlet.WebDriverTestExecutionListener@4a963e35, org.springframework.boot.test.autoconfigure.webservices.client.MockWebServiceServerTestExecutionListener@54fd40e3, org.springframework.boot.test.mock.mockito.ResetMocksTestExecutionListener@690ee3d3]

  .   ____          _            __ _ _
 /\\ / ___'_ __ _ _(_)_ __  __ _ \ \ \ \
( ( )\___ | '_ | '_| | '_ \/ _` | \ \ \ \
 \\/  ___)| |_)| | | | | || (_| |  ) ) ) )
  '  |____| .__|_| |_|_| |_\__, | / / / /
 =========|_|==============|___/=/_/_/_/
 :: Spring Boot ::                (v2.5.1)

2021-06-26 16:39:56.559  INFO 11536 --- [    Test worker] c.j.b.s.d.posts.PostsRepositoryTest      : Starting PostsRepositoryTest using Java 1.8.0_282 on ip-172-31-40-14.us-east-2.compute.internal with PID 11536 (started by ec2-user in /home/ec2-user/app/step1/Spring_Boot_Web_With_AWS)
2021-06-26 16:39:56.566  INFO 11536 --- [    Test worker] c.j.b.s.d.posts.PostsRepositoryTest      : The following profiles are active: oauth
2021-06-26 16:39:57.021  INFO 11536 --- [    Test worker] .s.d.r.c.RepositoryConfigurationDelegate : Bootstrapping Spring Data JPA repositories in DEFAULT mode.
2021-06-26 16:39:57.054  INFO 11536 --- [    Test worker] .s.d.r.c.RepositoryConfigurationDelegate : Finished Spring Data repository scanning in 32 ms. Found 2 JPA repository interfaces.
2021-06-26 16:39:57.386  INFO 11536 --- [    Test worker] com.zaxxer.hikari.HikariDataSource       : HikariPool-2 - Starting...
2021-06-26 16:39:57.399  INFO 11536 --- [    Test worker] com.zaxxer.hikari.HikariDataSource       : HikariPool-2 - Start completed.
2021-06-26 16:39:57.463  INFO 11536 --- [    Test worker] o.hibernate.jpa.internal.util.LogHelper  : HHH000204: Processing PersistenceUnitInfo [name: default]
2021-06-26 16:39:57.470  INFO 11536 --- [    Test worker] org.hibernate.dialect.Dialect            : HHH000400: Using dialect: org.hibernate.dialect.H2Dialect
2021-06-26 16:39:57.615 DEBUG 11536 --- [    Test worker] org.hibernate.SQL                        : 
    
    drop table if exists posts CASCADE 
2021-06-26 16:39:57.621 DEBUG 11536 --- [    Test worker] org.hibernate.SQL                        : 
    
    drop table if exists user CASCADE 
2021-06-26 16:39:57.622 DEBUG 11536 --- [    Test worker] org.hibernate.SQL                        : 
    
    create table posts (
       id bigint generated by default as identity,
        created_date timestamp,
        modified_date timestamp,
        author varchar(255),
        content TEXT not null,
        title varchar(500) not null,
        primary key (id)
    )
2021-06-26 16:39:57.628 DEBUG 11536 --- [    Test worker] org.hibernate.SQL                        : 
    
    create table user (
       id bigint generated by default as identity,
        created_date timestamp,
        modified_date timestamp,
        email varchar(255) not null,
        name varchar(255) not null,
        picture varchar(255),
        role varchar(255) not null,
        primary key (id)
    )
2021-06-26 16:39:57.634  INFO 11536 --- [    Test worker] o.h.e.t.j.p.i.JtaPlatformInitiator       : HHH000490: Using JtaPlatform implementation: [org.hibernate.engine.transaction.jta.platform.internal.NoJtaPlatform]
2021-06-26 16:39:57.639  INFO 11536 --- [    Test worker] j.LocalContainerEntityManagerFactoryBean : Initialized JPA EntityManagerFactory for persistence unit 'default'
2021-06-26 16:39:57.951  WARN 11536 --- [    Test worker] JpaBaseConfiguration$JpaWebConfiguration : spring.jpa.open-in-view is enabled by default. Therefore, database queries may be performed during view rendering. Explicitly configure spring.jpa.open-in-view to disable this warning
2021-06-26 16:39:58.546  INFO 11536 --- [    Test worker] o.s.s.web.DefaultSecurityFilterChain     : Will secure any request with [org.springframework.security.web.context.request.async.WebAsyncManagerIntegrationFilter@65b695d2, org.springframework.security.web.context.SecurityContextPersistenceFilter@34facac5, org.springframework.security.web.header.HeaderWriterFilter@7073285, org.springframework.security.web.authentication.logout.LogoutFilter@441f2e62, org.springframework.security.oauth2.client.web.OAuth2AuthorizationRequestRedirectFilter@219c066d, org.springframework.security.oauth2.client.web.OAuth2LoginAuthenticationFilter@4ca4c9d6, org.springframework.security.web.authentication.ui.DefaultLoginPageGeneratingFilter@7de82f49, org.springframework.security.web.authentication.ui.DefaultLogoutPageGeneratingFilter@2d09405d, org.springframework.security.web.savedrequest.RequestCacheAwareFilter@17698174, org.springframework.security.web.servletapi.SecurityContextHolderAwareRequestFilter@29440a06, org.springframework.security.web.authentication.AnonymousAuthenticationFilter@6c6794ff, org.springframework.security.web.session.SessionManagementFilter@397db0af, org.springframework.security.web.access.ExceptionTranslationFilter@709a7543, org.springframework.security.web.access.intercept.FilterSecurityInterceptor@70c70607]
2021-06-26 16:39:58.978  INFO 11536 --- [    Test worker] o.s.b.a.h2.H2ConsoleAutoConfiguration    : H2 console available at '/h2-console'. Database available at 'jdbc:h2:mem:60e256cb-3314-48aa-a5cf-3f8274da9470'
2021-06-26 16:39:59.038  INFO 11536 --- [    Test worker] o.s.b.a.w.s.WelcomePageHandlerMapping    : Adding welcome page template: index
2021-06-26 16:39:59.648  INFO 11536 --- [    Test worker] s.a.ScheduledAnnotationBeanPostProcessor : No TaskScheduler/ScheduledExecutorService bean found for scheduled processing
2021-06-26 16:39:59.654  INFO 11536 --- [    Test worker] c.j.b.s.d.posts.PostsRepositoryTest      : Started PostsRepositoryTest in 3.161 seconds (JVM running for 20.474)
2021-06-26 16:39:59.686 DEBUG 11536 --- [    Test worker] org.hibernate.SQL                        : 
    insert 
    into
        posts
        (id, created_date, modified_date, author, content, title) 
    values
        (null, ?, ?, ?, ?, ?)
2021-06-26 16:39:59.704 DEBUG 11536 --- [    Test worker] org.hibernate.SQL                        : 
    select
        posts0_.id as id1_0_,
        posts0_.created_date as created_2_0_,
        posts0_.modified_date as modified3_0_,
        posts0_.author as author4_0_,
        posts0_.content as content5_0_,
        posts0_.title as title6_0_ 
    from
        posts posts0_
2021-06-26 16:39:59.722 DEBUG 11536 --- [    Test worker] org.hibernate.SQL                        : 
    insert 
    into
        posts
        (id, created_date, modified_date, author, content, title) 
    values
        (null, ?, ?, ?, ?, ?)
2021-06-26 16:39:59.732 DEBUG 11536 --- [    Test worker] org.hibernate.SQL                        : 
    select
        posts0_.id as id1_0_,
        posts0_.created_date as created_2_0_,
        posts0_.modified_date as modified3_0_,
        posts0_.author as author4_0_,
        posts0_.content as content5_0_,
        posts0_.title as title6_0_ 
    from
        posts posts0_
posts.getCreatedDate = 2021-06-26T16:39:59.675
posts.getModifiedDate = 2021-06-26T16:39:59.675
]]></system-out>
  <system-err><![CDATA[]]></system-err>
</testsuite>
