<?xml version="1.0" encoding="UTF-8"?>
<testsuite name="com.jojoldu.book.springboot.web.HelloControllerTest" tests="2" skipped="0" failures="0" errors="0" timestamp="2021-06-26T07:40:01" hostname="ip-172-31-40-14.us-east-2.compute.internal" time="0.153">
  <properties/>
  <testcase name="helloDto_return()" classname="com.jojoldu.book.springboot.web.HelloControllerTest" time="0.133"/>
  <testcase name="hello()" classname="com.jojoldu.book.springboot.web.HelloControllerTest" time="0.018"/>
  <system-out><![CDATA[2021-06-26 16:39:59.774  INFO 11536 --- [    Test worker] .b.t.a.w.s.WebMvcTestContextBootstrapper : Neither @ContextConfiguration nor @ContextHierarchy found for test class [com.jojoldu.book.springboot.web.HelloControllerTest], using SpringBootContextLoader
2021-06-26 16:39:59.782  INFO 11536 --- [    Test worker] o.s.t.c.support.AbstractContextLoader    : Could not detect default resource locations for test class [com.jojoldu.book.springboot.web.HelloControllerTest]: no resource found for suffixes {-context.xml, Context.groovy}.
2021-06-26 16:39:59.784  INFO 11536 --- [    Test worker] t.c.s.AnnotationConfigContextLoaderUtils : Could not detect default configuration classes for test class [com.jojoldu.book.springboot.web.HelloControllerTest]: HelloControllerTest does not declare any static, non-private, non-final, nested classes annotated with @Configuration.
2021-06-26 16:39:59.815  INFO 11536 --- [    Test worker] .b.t.c.SpringBootTestContextBootstrapper : Found @SpringBootConfiguration com.jojoldu.book.springboot.Application for test class com.jojoldu.book.springboot.web.HelloControllerTest
2021-06-26 16:39:59.818  INFO 11536 --- [    Test worker] .b.t.a.w.s.WebMvcTestContextBootstrapper : Loaded default TestExecutionListener class names from location [META-INF/spring.factories]: [org.springframework.security.test.context.support.WithSecurityContextTestExecutionListener, org.springframework.security.test.context.support.ReactorContextTestExecutionListener, org.springframework.boot.test.autoconfigure.restdocs.RestDocsTestExecutionListener, org.springframework.boot.test.autoconfigure.web.client.MockRestServiceServerResetTestExecutionListener, org.springframework.boot.test.autoconfigure.web.servlet.MockMvcPrintOnlyOnFailureTestExecutionListener, org.springframework.boot.test.autoconfigure.web.servlet.WebDriverTestExecutionListener, org.springframework.boot.test.autoconfigure.webservices.client.MockWebServiceServerTestExecutionListener, org.springframework.boot.test.mock.mockito.MockitoTestExecutionListener, org.springframework.boot.test.mock.mockito.ResetMocksTestExecutionListener, org.springframework.test.context.web.ServletTestExecutionListener, org.springframework.test.context.support.DirtiesContextBeforeModesTestExecutionListener, org.springframework.test.context.event.ApplicationEventsTestExecutionListener, org.springframework.test.context.support.DependencyInjectionTestExecutionListener, org.springframework.test.context.support.DirtiesContextTestExecutionListener, org.springframework.test.context.transaction.TransactionalTestExecutionListener, org.springframework.test.context.jdbc.SqlScriptsTestExecutionListener, org.springframework.test.context.event.EventPublishingTestExecutionListener]
2021-06-26 16:39:59.821  INFO 11536 --- [    Test worker] .b.t.a.w.s.WebMvcTestContextBootstrapper : Using TestExecutionListeners: [org.springframework.test.context.web.ServletTestExecutionListener@e8b0ae4, org.springframework.test.context.support.DirtiesContextBeforeModesTestExecutionListener@3e2b082, org.springframework.test.context.event.ApplicationEventsTestExecutionListener@6267e027, org.springframework.boot.test.mock.mockito.MockitoTestExecutionListener@20293009, org.springframework.boot.test.autoconfigure.SpringBootDependencyInjectionTestExecutionListener@76a3d2c2, org.springframework.test.context.support.DirtiesContextTestExecutionListener@60530a34, org.springframework.test.context.transaction.TransactionalTestExecutionListener@3de8b8c1, org.springframework.test.context.jdbc.SqlScriptsTestExecutionListener@54a87e0d, org.springframework.security.test.context.support.WithSecurityContextTestExecutionListener@3c758398, org.springframework.test.context.event.EventPublishingTestExecutionListener@448f3c88, org.springframework.security.test.context.support.ReactorContextTestExecutionListener@3c59aa68, org.springframework.boot.test.autoconfigure.restdocs.RestDocsTestExecutionListener@2b16f3f8, org.springframework.boot.test.autoconfigure.web.client.MockRestServiceServerResetTestExecutionListener@3b6fcc41, org.springframework.boot.test.autoconfigure.web.servlet.MockMvcPrintOnlyOnFailureTestExecutionListener@639ccd8, org.springframework.boot.test.autoconfigure.web.servlet.WebDriverTestExecutionListener@77423c9d, org.springframework.boot.test.autoconfigure.webservices.client.MockWebServiceServerTestExecutionListener@6bd798be, org.springframework.boot.test.mock.mockito.ResetMocksTestExecutionListener@2e1f4c41]

  .   ____          _            __ _ _
 /\\ / ___'_ __ _ _(_)_ __  __ _ \ \ \ \
( ( )\___ | '_ | '_| | '_ \/ _` | \ \ \ \
 \\/  ___)| |_)| | | | | || (_| |  ) ) ) )
  '  |____| .__|_| |_|_| |_\__, | / / / /
 =========|_|==============|___/=/_/_/_/
 :: Spring Boot ::                (v2.5.1)

2021-06-26 16:39:59.895  INFO 11536 --- [    Test worker] c.j.b.s.web.HelloControllerTest          : Starting HelloControllerTest using Java 1.8.0_282 on ip-172-31-40-14.us-east-2.compute.internal with PID 11536 (started by ec2-user in /home/ec2-user/app/step1/Spring_Boot_Web_With_AWS)
2021-06-26 16:39:59.898  INFO 11536 --- [    Test worker] c.j.b.s.web.HelloControllerTest          : The following profiles are active: oauth
2021-06-26 16:40:00.615  INFO 11536 --- [    Test worker] o.s.b.a.w.s.WelcomePageHandlerMapping    : Adding welcome page template: index
2021-06-26 16:40:01.165  INFO 11536 --- [    Test worker] o.s.s.web.DefaultSecurityFilterChain     : Will secure any request with [org.springframework.security.web.context.request.async.WebAsyncManagerIntegrationFilter@1d1f888b, org.springframework.security.web.context.SecurityContextPersistenceFilter@fe6b8cd, org.springframework.security.web.header.HeaderWriterFilter@5b0d1de2, org.springframework.security.web.csrf.CsrfFilter@3806ad4d, org.springframework.security.web.authentication.logout.LogoutFilter@7c639b82, org.springframework.security.oauth2.client.web.OAuth2AuthorizationRequestRedirectFilter@74747945, org.springframework.security.oauth2.client.web.OAuth2AuthorizationRequestRedirectFilter@6ddf760a, org.springframework.security.oauth2.client.web.OAuth2LoginAuthenticationFilter@72728499, org.springframework.security.web.authentication.ui.DefaultLoginPageGeneratingFilter@451cf316, org.springframework.security.web.authentication.ui.DefaultLogoutPageGeneratingFilter@59181f52, org.springframework.security.web.savedrequest.RequestCacheAwareFilter@460fe939, org.springframework.security.web.servletapi.SecurityContextHolderAwareRequestFilter@755e0e17, org.springframework.security.web.authentication.AnonymousAuthenticationFilter@7baecbf5, org.springframework.security.oauth2.client.web.OAuth2AuthorizationCodeGrantFilter@578eb34f, org.springframework.security.web.session.SessionManagementFilter@56ecaf0b, org.springframework.security.web.access.ExceptionTranslationFilter@50232068, org.springframework.security.web.access.intercept.FilterSecurityInterceptor@fa08466]
2021-06-26 16:40:01.283  INFO 11536 --- [    Test worker] o.s.b.t.m.w.SpringBootMockServletContext : Initializing Spring TestDispatcherServlet ''
2021-06-26 16:40:01.286  INFO 11536 --- [    Test worker] o.s.t.web.servlet.TestDispatcherServlet  : Initializing Servlet ''
2021-06-26 16:40:01.288  INFO 11536 --- [    Test worker] o.s.t.web.servlet.TestDispatcherServlet  : Completed initialization in 1 ms
2021-06-26 16:40:01.320  INFO 11536 --- [    Test worker] c.j.b.s.web.HelloControllerTest          : Started HelloControllerTest in 1.495 seconds (JVM running for 22.14)
]]></system-out>
  <system-err><![CDATA[]]></system-err>
</testsuite>
