<?xml version="1.0" encoding="UTF-8"?>
<testsuite name="com.jojoldu.book.springboot.web.IndexControllerTest" tests="1" skipped="0" failures="0" errors="0" timestamp="2021-06-26T07:40:01" hostname="ip-172-31-40-14.us-east-2.compute.internal" time="0.392">
  <properties/>
  <testcase name="mainPage_load()" classname="com.jojoldu.book.springboot.web.IndexControllerTest" time="0.392"/>
  <system-out><![CDATA[2021-06-26 16:40:01.491  INFO 11536 --- [    Test worker] .b.t.c.SpringBootTestContextBootstrapper : Neither @ContextConfiguration nor @ContextHierarchy found for test class [com.jojoldu.book.springboot.web.IndexControllerTest], using SpringBootContextLoader
2021-06-26 16:40:01.492  INFO 11536 --- [    Test worker] o.s.t.c.support.AbstractContextLoader    : Could not detect default resource locations for test class [com.jojoldu.book.springboot.web.IndexControllerTest]: no resource found for suffixes {-context.xml, Context.groovy}.
2021-06-26 16:40:01.493  INFO 11536 --- [    Test worker] t.c.s.AnnotationConfigContextLoaderUtils : Could not detect default configuration classes for test class [com.jojoldu.book.springboot.web.IndexControllerTest]: IndexControllerTest does not declare any static, non-private, non-final, nested classes annotated with @Configuration.
2021-06-26 16:40:01.494  INFO 11536 --- [    Test worker] .b.t.c.SpringBootTestContextBootstrapper : Found @SpringBootConfiguration com.jojoldu.book.springboot.Application for test class com.jojoldu.book.springboot.web.IndexControllerTest
2021-06-26 16:40:01.500  INFO 11536 --- [    Test worker] .b.t.c.SpringBootTestContextBootstrapper : Loaded default TestExecutionListener class names from location [META-INF/spring.factories]: [org.springframework.security.test.context.support.WithSecurityContextTestExecutionListener, org.springframework.security.test.context.support.ReactorContextTestExecutionListener, org.springframework.boot.test.autoconfigure.restdocs.RestDocsTestExecutionListener, org.springframework.boot.test.autoconfigure.web.client.MockRestServiceServerResetTestExecutionListener, org.springframework.boot.test.autoconfigure.web.servlet.MockMvcPrintOnlyOnFailureTestExecutionListener, org.springframework.boot.test.autoconfigure.web.servlet.WebDriverTestExecutionListener, org.springframework.boot.test.autoconfigure.webservices.client.MockWebServiceServerTestExecutionListener, org.springframework.boot.test.mock.mockito.MockitoTestExecutionListener, org.springframework.boot.test.mock.mockito.ResetMocksTestExecutionListener, org.springframework.test.context.web.ServletTestExecutionListener, org.springframework.test.context.support.DirtiesContextBeforeModesTestExecutionListener, org.springframework.test.context.event.ApplicationEventsTestExecutionListener, org.springframework.test.context.support.DependencyInjectionTestExecutionListener, org.springframework.test.context.support.DirtiesContextTestExecutionListener, org.springframework.test.context.transaction.TransactionalTestExecutionListener, org.springframework.test.context.jdbc.SqlScriptsTestExecutionListener, org.springframework.test.context.event.EventPublishingTestExecutionListener]
2021-06-26 16:40:01.501  INFO 11536 --- [    Test worker] .b.t.c.SpringBootTestContextBootstrapper : Using TestExecutionListeners: [org.springframework.test.context.web.ServletTestExecutionListener@5ca572ca, org.springframework.test.context.support.DirtiesContextBeforeModesTestExecutionListener@6b2642e4, org.springframework.test.context.event.ApplicationEventsTestExecutionListener@44d1b0fd, org.springframework.boot.test.mock.mockito.MockitoTestExecutionListener@59ca163a, org.springframework.boot.test.autoconfigure.SpringBootDependencyInjectionTestExecutionListener@2e0e0ceb, org.springframework.test.context.support.DirtiesContextTestExecutionListener@77664aac, org.springframework.test.context.transaction.TransactionalTestExecutionListener@3e795ae5, org.springframework.test.context.jdbc.SqlScriptsTestExecutionListener@370bf0d6, org.springframework.security.test.context.support.WithSecurityContextTestExecutionListener@69bcdb88, org.springframework.test.context.event.EventPublishingTestExecutionListener@2c4acf39, org.springframework.security.test.context.support.ReactorContextTestExecutionListener@58900627, org.springframework.boot.test.autoconfigure.restdocs.RestDocsTestExecutionListener@30f5d0a3, org.springframework.boot.test.autoconfigure.web.client.MockRestServiceServerResetTestExecutionListener@3f1a2dae, org.springframework.boot.test.autoconfigure.web.servlet.MockMvcPrintOnlyOnFailureTestExecutionListener@45d30e73, org.springframework.boot.test.autoconfigure.web.servlet.WebDriverTestExecutionListener@1d2a99d0, org.springframework.boot.test.autoconfigure.webservices.client.MockWebServiceServerTestExecutionListener@3c4221e, org.springframework.boot.test.mock.mockito.ResetMocksTestExecutionListener@6ddd1895]
2021-06-26 16:40:01.741  INFO 11536 --- [o-auto-1-exec-1] o.a.c.c.C.[Tomcat].[localhost].[/]       : Initializing Spring DispatcherServlet 'dispatcherServlet'
2021-06-26 16:40:01.742  INFO 11536 --- [o-auto-1-exec-1] o.s.web.servlet.DispatcherServlet        : Initializing Servlet 'dispatcherServlet'
2021-06-26 16:40:01.743  INFO 11536 --- [o-auto-1-exec-1] o.s.web.servlet.DispatcherServlet        : Completed initialization in 1 ms
2021-06-26 16:40:01.791 DEBUG 11536 --- [o-auto-1-exec-1] org.hibernate.SQL                        : 
    select
        posts0_.id as id1_0_,
        posts0_.created_date as created_2_0_,
        posts0_.modified_date as modified3_0_,
        posts0_.author as author4_0_,
        posts0_.content as content5_0_,
        posts0_.title as title6_0_ 
    from
        posts posts0_ 
    order by
        posts0_.id DESC
]]></system-out>
  <system-err><![CDATA[]]></system-err>
</testsuite>
